The target system is: Android - 1 - aarch64
The host system is: Linux - 4.4.0-93-generic - x86_64
Determining if the include file pthread.h exists passed with the following output:
Change Dir: /root/rtabmap-tango/build/arm64-v8a/CMakeFiles/CMakeTmp

Run Build Command:"/usr/bin/make" "cmTC_25aad/fast"
/usr/bin/make -f CMakeFiles/cmTC_25aad.dir/build.make CMakeFiles/cmTC_25aad.dir/build
make[1]: Entering directory '/root/rtabmap-tango/build/arm64-v8a/CMakeFiles/CMakeTmp'
Building C object CMakeFiles/cmTC_25aad.dir/CheckIncludeFile.c.o
/opt/android-ndk-r14/toolchains/aarch64-linux-android-4.9/prebuilt/linux-x86_64/bin/aarch64-linux-android-gcc  -DANDROID -isystem /opt/android-ndk-r14/platforms/android-21/arch-arm64/usr/include -isystem /opt/android-ndk-r14/sources/cxx-stl/gnu-libstdc++/4.9/include -isystem /opt/android-ndk-r14/sources/cxx-stl/gnu-libstdc++/4.9/libs/arm64-v8a/include -isystem /opt/android-ndk-r14/sources/cxx-stl/gnu-libstdc++/4.9/include/backward  -fexceptions -Wno-psabi --sysroot=/opt/android-ndk-r14/platforms/android-21/arch-arm64 -funwind-tables -fsigned-char -no-canonical-prefixes -fdata-sections -ffunction-sections -Wa,--noexecstack  -fmessage-length=0  -fPIE   -o CMakeFiles/cmTC_25aad.dir/CheckIncludeFile.c.o   -c /root/rtabmap-tango/build/arm64-v8a/CMakeFiles/CMakeTmp/CheckIncludeFile.c
Linking C executable cmTC_25aad
/usr/bin/cmake -E cmake_link_script CMakeFiles/cmTC_25aad.dir/link.txt --verbose=1
/opt/android-ndk-r14/toolchains/aarch64-linux-android-4.9/prebuilt/linux-x86_64/bin/aarch64-linux-android-gcc  -fexceptions -Wno-psabi --sysroot=/opt/android-ndk-r14/platforms/android-21/arch-arm64 -funwind-tables -fsigned-char -no-canonical-prefixes -fdata-sections -ffunction-sections -Wa,--noexecstack  -fmessage-length=0    -Wl,--no-undefined -Wl,-allow-shlib-undefined -Wl,--gc-sections -Wl,-z,noexecstack -Wl,-z,relro -Wl,-z,now -Wl,-z,nocopyreloc -fPIE -pie  CMakeFiles/cmTC_25aad.dir/CheckIncludeFile.c.o -o cmTC_25aad  -L/libs/arm64-v8a   "/opt/android-ndk-r14/sources/cxx-stl/gnu-libstdc++/4.9/libs/arm64-v8a/libsupc++.a"
make[1]: Leaving directory '/root/rtabmap-tango/build/arm64-v8a/CMakeFiles/CMakeTmp'


Determining if the pthread_create exist passed with the following output:
Change Dir: /root/rtabmap-tango/build/arm64-v8a/CMakeFiles/CMakeTmp

Run Build Command:"/usr/bin/make" "cmTC_ab99a/fast"
/usr/bin/make -f CMakeFiles/cmTC_ab99a.dir/build.make CMakeFiles/cmTC_ab99a.dir/build
make[1]: Entering directory '/root/rtabmap-tango/build/arm64-v8a/CMakeFiles/CMakeTmp'
Building C object CMakeFiles/cmTC_ab99a.dir/CheckSymbolExists.c.o
/opt/android-ndk-r14/toolchains/aarch64-linux-android-4.9/prebuilt/linux-x86_64/bin/aarch64-linux-android-gcc  -DANDROID -isystem /opt/android-ndk-r14/platforms/android-21/arch-arm64/usr/include -isystem /opt/android-ndk-r14/sources/cxx-stl/gnu-libstdc++/4.9/include -isystem /opt/android-ndk-r14/sources/cxx-stl/gnu-libstdc++/4.9/libs/arm64-v8a/include -isystem /opt/android-ndk-r14/sources/cxx-stl/gnu-libstdc++/4.9/include/backward  -fexceptions -Wno-psabi --sysroot=/opt/android-ndk-r14/platforms/android-21/arch-arm64 -funwind-tables -fsigned-char -no-canonical-prefixes -fdata-sections -ffunction-sections -Wa,--noexecstack  -fmessage-length=0  -fPIE   -o CMakeFiles/cmTC_ab99a.dir/CheckSymbolExists.c.o   -c /root/rtabmap-tango/build/arm64-v8a/CMakeFiles/CMakeTmp/CheckSymbolExists.c
Linking C executable cmTC_ab99a
/usr/bin/cmake -E cmake_link_script CMakeFiles/cmTC_ab99a.dir/link.txt --verbose=1
/opt/android-ndk-r14/toolchains/aarch64-linux-android-4.9/prebuilt/linux-x86_64/bin/aarch64-linux-android-gcc  -fexceptions -Wno-psabi --sysroot=/opt/android-ndk-r14/platforms/android-21/arch-arm64 -funwind-tables -fsigned-char -no-canonical-prefixes -fdata-sections -ffunction-sections -Wa,--noexecstack  -fmessage-length=0    -Wl,--no-undefined -Wl,-allow-shlib-undefined -Wl,--gc-sections -Wl,-z,noexecstack -Wl,-z,relro -Wl,-z,now -Wl,-z,nocopyreloc -fPIE -pie  CMakeFiles/cmTC_ab99a.dir/CheckSymbolExists.c.o -o cmTC_ab99a  -L/libs/arm64-v8a   "/opt/android-ndk-r14/sources/cxx-stl/gnu-libstdc++/4.9/libs/arm64-v8a/libsupc++.a"
make[1]: Leaving directory '/root/rtabmap-tango/build/arm64-v8a/CMakeFiles/CMakeTmp'

File /root/rtabmap-tango/build/arm64-v8a/CMakeFiles/CMakeTmp/CheckSymbolExists.c:
/* */
#include <pthread.h>

int main(int argc, char** argv)
{
  (void)argv;
#ifndef pthread_create
  return ((int*)(&pthread_create))[argc];
#else
  (void)argc;
  return 0;
#endif
}

Performing C SOURCE FILE Test OpenMP_FLAG_DETECTED succeeded with the following output:
Change Dir: /root/rtabmap-tango/build/arm64-v8a/CMakeFiles/CMakeTmp

Run Build Command:"/usr/bin/make" "cmTC_b1f5d/fast"
/usr/bin/make -f CMakeFiles/cmTC_b1f5d.dir/build.make CMakeFiles/cmTC_b1f5d.dir/build
make[1]: Entering directory '/root/rtabmap-tango/build/arm64-v8a/CMakeFiles/CMakeTmp'
Building C object CMakeFiles/cmTC_b1f5d.dir/src.c.o
/opt/android-ndk-r14/toolchains/aarch64-linux-android-4.9/prebuilt/linux-x86_64/bin/aarch64-linux-android-gcc  -DANDROID -isystem /opt/android-ndk-r14/platforms/android-21/arch-arm64/usr/include -isystem /opt/android-ndk-r14/sources/cxx-stl/gnu-libstdc++/4.9/include -isystem /opt/android-ndk-r14/sources/cxx-stl/gnu-libstdc++/4.9/libs/arm64-v8a/include -isystem /opt/android-ndk-r14/sources/cxx-stl/gnu-libstdc++/4.9/include/backward  -fexceptions -Wno-psabi --sysroot=/opt/android-ndk-r14/platforms/android-21/arch-arm64 -funwind-tables -fsigned-char -no-canonical-prefixes -fdata-sections -ffunction-sections -Wa,--noexecstack  -fmessage-length=0  -DOpenMP_FLAG_DETECTED -fopenmp -fPIE   -o CMakeFiles/cmTC_b1f5d.dir/src.c.o   -c /root/rtabmap-tango/build/arm64-v8a/CMakeFiles/CMakeTmp/src.c
Linking C executable cmTC_b1f5d
/usr/bin/cmake -E cmake_link_script CMakeFiles/cmTC_b1f5d.dir/link.txt --verbose=1
/opt/android-ndk-r14/toolchains/aarch64-linux-android-4.9/prebuilt/linux-x86_64/bin/aarch64-linux-android-gcc  -fexceptions -Wno-psabi --sysroot=/opt/android-ndk-r14/platforms/android-21/arch-arm64 -funwind-tables -fsigned-char -no-canonical-prefixes -fdata-sections -ffunction-sections -Wa,--noexecstack  -fmessage-length=0  -DOpenMP_FLAG_DETECTED -fopenmp   -Wl,--no-undefined -Wl,-allow-shlib-undefined -Wl,--gc-sections -Wl,-z,noexecstack -Wl,-z,relro -Wl,-z,now -Wl,-z,nocopyreloc -fPIE -pie  CMakeFiles/cmTC_b1f5d.dir/src.c.o -o cmTC_b1f5d  -L/libs/arm64-v8a   "/opt/android-ndk-r14/sources/cxx-stl/gnu-libstdc++/4.9/libs/arm64-v8a/libsupc++.a"
make[1]: Leaving directory '/root/rtabmap-tango/build/arm64-v8a/CMakeFiles/CMakeTmp'

Source file was:

#include <omp.h>
int main() {
#ifdef _OPENMP
  return 0;
#else
  breaks_on_purpose
#endif
}

Performing C++ SOURCE FILE Test OpenMP_FLAG_DETECTED succeeded with the following output:
Change Dir: /root/rtabmap-tango/build/arm64-v8a/CMakeFiles/CMakeTmp

Run Build Command:"/usr/bin/make" "cmTC_61c91/fast"
/usr/bin/make -f CMakeFiles/cmTC_61c91.dir/build.make CMakeFiles/cmTC_61c91.dir/build
make[1]: Entering directory '/root/rtabmap-tango/build/arm64-v8a/CMakeFiles/CMakeTmp'
Building CXX object CMakeFiles/cmTC_61c91.dir/src.cxx.o
/opt/android-ndk-r14/toolchains/aarch64-linux-android-4.9/prebuilt/linux-x86_64/bin/aarch64-linux-android-g++   -DANDROID -isystem /opt/android-ndk-r14/platforms/android-21/arch-arm64/usr/include -isystem /opt/android-ndk-r14/sources/cxx-stl/gnu-libstdc++/4.9/include -isystem /opt/android-ndk-r14/sources/cxx-stl/gnu-libstdc++/4.9/libs/arm64-v8a/include -isystem /opt/android-ndk-r14/sources/cxx-stl/gnu-libstdc++/4.9/include/backward  -fexceptions -frtti -Wno-psabi --sysroot=/opt/android-ndk-r14/platforms/android-21/arch-arm64 -funwind-tables -fsigned-char -no-canonical-prefixes -fdata-sections -ffunction-sections -Wa,--noexecstack  -fmessage-length=0  -DOpenMP_FLAG_DETECTED -fopenmp -fPIE   -o CMakeFiles/cmTC_61c91.dir/src.cxx.o -c /root/rtabmap-tango/build/arm64-v8a/CMakeFiles/CMakeTmp/src.cxx
Linking CXX executable cmTC_61c91
/usr/bin/cmake -E cmake_link_script CMakeFiles/cmTC_61c91.dir/link.txt --verbose=1
/opt/android-ndk-r14/toolchains/aarch64-linux-android-4.9/prebuilt/linux-x86_64/bin/aarch64-linux-android-gcc -fexceptions -frtti -Wno-psabi --sysroot=/opt/android-ndk-r14/platforms/android-21/arch-arm64 -funwind-tables -fsigned-char -no-canonical-prefixes -fdata-sections -ffunction-sections -Wa,--noexecstack  -fmessage-length=0  -DOpenMP_FLAG_DETECTED -fopenmp   -Wl,--no-undefined -Wl,-allow-shlib-undefined -Wl,--gc-sections -Wl,-z,noexecstack -Wl,-z,relro -Wl,-z,now -Wl,-z,nocopyreloc -fPIE -pie  CMakeFiles/cmTC_61c91.dir/src.cxx.o -o cmTC_61c91  -L/libs/arm64-v8a   "/opt/android-ndk-r14/sources/cxx-stl/gnu-libstdc++/4.9/libs/arm64-v8a/libgnustl_static.a" "/opt/android-ndk-r14/sources/cxx-stl/gnu-libstdc++/4.9/libs/arm64-v8a/libsupc++.a" -lm
make[1]: Leaving directory '/root/rtabmap-tango/build/arm64-v8a/CMakeFiles/CMakeTmp'

Source file was:

#include <omp.h>
int main() {
#ifdef _OPENMP
  return 0;
#else
  breaks_on_purpose
#endif
}

Performing C++ SOURCE FILE Test COMPILER_SUPPORTS_CXX11 succeeded with the following output:
Change Dir: /root/rtabmap-tango/build/arm64-v8a/CMakeFiles/CMakeTmp

Run Build Command:"/usr/bin/make" "cmTC_11fd0/fast"
/usr/bin/make -f CMakeFiles/cmTC_11fd0.dir/build.make CMakeFiles/cmTC_11fd0.dir/build
make[1]: Entering directory '/root/rtabmap-tango/build/arm64-v8a/CMakeFiles/CMakeTmp'
Building CXX object CMakeFiles/cmTC_11fd0.dir/src.cxx.o
/opt/android-ndk-r14/toolchains/aarch64-linux-android-4.9/prebuilt/linux-x86_64/bin/aarch64-linux-android-g++   -DANDROID -isystem /opt/android-ndk-r14/platforms/android-21/arch-arm64/usr/include -isystem /opt/android-ndk-r14/sources/cxx-stl/gnu-libstdc++/4.9/include -isystem /opt/android-ndk-r14/sources/cxx-stl/gnu-libstdc++/4.9/libs/arm64-v8a/include -isystem /opt/android-ndk-r14/sources/cxx-stl/gnu-libstdc++/4.9/include/backward  -fexceptions -frtti -Wno-psabi --sysroot=/opt/android-ndk-r14/platforms/android-21/arch-arm64 -funwind-tables -fsigned-char -no-canonical-prefixes -fdata-sections -ffunction-sections -Wa,--noexecstack  -fmessage-length=0  -fopenmp -DCOMPILER_SUPPORTS_CXX11 -fPIE   -std=c++11 -o CMakeFiles/cmTC_11fd0.dir/src.cxx.o -c /root/rtabmap-tango/build/arm64-v8a/CMakeFiles/CMakeTmp/src.cxx
Linking CXX executable cmTC_11fd0
/usr/bin/cmake -E cmake_link_script CMakeFiles/cmTC_11fd0.dir/link.txt --verbose=1
/opt/android-ndk-r14/toolchains/aarch64-linux-android-4.9/prebuilt/linux-x86_64/bin/aarch64-linux-android-gcc -fexceptions -frtti -Wno-psabi --sysroot=/opt/android-ndk-r14/platforms/android-21/arch-arm64 -funwind-tables -fsigned-char -no-canonical-prefixes -fdata-sections -ffunction-sections -Wa,--noexecstack  -fmessage-length=0  -fopenmp -DCOMPILER_SUPPORTS_CXX11   -Wl,--no-undefined -Wl,-allow-shlib-undefined -Wl,--gc-sections -Wl,-z,noexecstack -Wl,-z,relro -Wl,-z,now -Wl,-z,nocopyreloc -fPIE -pie  CMakeFiles/cmTC_11fd0.dir/src.cxx.o -o cmTC_11fd0  -L/libs/arm64-v8a   "/opt/android-ndk-r14/sources/cxx-stl/gnu-libstdc++/4.9/libs/arm64-v8a/libgnustl_static.a" "/opt/android-ndk-r14/sources/cxx-stl/gnu-libstdc++/4.9/libs/arm64-v8a/libsupc++.a" -lm
make[1]: Leaving directory '/root/rtabmap-tango/build/arm64-v8a/CMakeFiles/CMakeTmp'

Source file was:
int main() { return 0; }
Performing C++ SOURCE FILE Test COMPILER_SUPPORTS_CXX0X succeeded with the following output:
Change Dir: /root/rtabmap-tango/build/arm64-v8a/CMakeFiles/CMakeTmp

Run Build Command:"/usr/bin/make" "cmTC_b383c/fast"
/usr/bin/make -f CMakeFiles/cmTC_b383c.dir/build.make CMakeFiles/cmTC_b383c.dir/build
make[1]: Entering directory '/root/rtabmap-tango/build/arm64-v8a/CMakeFiles/CMakeTmp'
Building CXX object CMakeFiles/cmTC_b383c.dir/src.cxx.o
/opt/android-ndk-r14/toolchains/aarch64-linux-android-4.9/prebuilt/linux-x86_64/bin/aarch64-linux-android-g++   -DANDROID -isystem /opt/android-ndk-r14/platforms/android-21/arch-arm64/usr/include -isystem /opt/android-ndk-r14/sources/cxx-stl/gnu-libstdc++/4.9/include -isystem /opt/android-ndk-r14/sources/cxx-stl/gnu-libstdc++/4.9/libs/arm64-v8a/include -isystem /opt/android-ndk-r14/sources/cxx-stl/gnu-libstdc++/4.9/include/backward  -fexceptions -frtti -Wno-psabi --sysroot=/opt/android-ndk-r14/platforms/android-21/arch-arm64 -funwind-tables -fsigned-char -no-canonical-prefixes -fdata-sections -ffunction-sections -Wa,--noexecstack  -fmessage-length=0  -fopenmp -DCOMPILER_SUPPORTS_CXX0X -fPIE   -std=c++0x -o CMakeFiles/cmTC_b383c.dir/src.cxx.o -c /root/rtabmap-tango/build/arm64-v8a/CMakeFiles/CMakeTmp/src.cxx
Linking CXX executable cmTC_b383c
/usr/bin/cmake -E cmake_link_script CMakeFiles/cmTC_b383c.dir/link.txt --verbose=1
/opt/android-ndk-r14/toolchains/aarch64-linux-android-4.9/prebuilt/linux-x86_64/bin/aarch64-linux-android-gcc -fexceptions -frtti -Wno-psabi --sysroot=/opt/android-ndk-r14/platforms/android-21/arch-arm64 -funwind-tables -fsigned-char -no-canonical-prefixes -fdata-sections -ffunction-sections -Wa,--noexecstack  -fmessage-length=0  -fopenmp -DCOMPILER_SUPPORTS_CXX0X   -Wl,--no-undefined -Wl,-allow-shlib-undefined -Wl,--gc-sections -Wl,-z,noexecstack -Wl,-z,relro -Wl,-z,now -Wl,-z,nocopyreloc -fPIE -pie  CMakeFiles/cmTC_b383c.dir/src.cxx.o -o cmTC_b383c  -L/libs/arm64-v8a   "/opt/android-ndk-r14/sources/cxx-stl/gnu-libstdc++/4.9/libs/arm64-v8a/libgnustl_static.a" "/opt/android-ndk-r14/sources/cxx-stl/gnu-libstdc++/4.9/libs/arm64-v8a/libsupc++.a" -lm
make[1]: Leaving directory '/root/rtabmap-tango/build/arm64-v8a/CMakeFiles/CMakeTmp'

Source file was:
int main() { return 0; }
